[INFO] (May.27 17:58:03) Log file "/gpfs/bbp.cscs.ch/project/proj112/home/kurban/christoph_paper/github/connectome-manipulator/examples/remove_connections/output/logs/connectome_manipulation_2024-05-27_17h58.log" created!
[INFO] (May.27 17:58:03) Version: connectome_manipulator 0.0.11.dev0
[INFO] (May.27 17:58:03) Loading circuit from ./circuit_config.json
[DEBUG] (May.27 17:58:03) Using edges population "S1nonbarrel_neurons__S1nonbarrel_neurons__chemical" between nodes "S1nonbarrel_neurons" and "S1nonbarrel_neurons"
[INFO] (May.27 17:58:03) Setting up 100 processing batch jobs...
[INFO] (May.27 17:58:03) Starting Execution context
[DEBUG] (May.27 17:58:03) Using selector: EpollSelector
[INFO] (May.27 17:58:04) Start job submission
[INFO] (May.27 17:58:04) Split 1/100: Wiring connectome targeting 2118 neurons
[INFO] (May.27 17:58:04) Split 2/100: Wiring connectome targeting 2118 neurons
[INFO] (May.27 17:58:04) Split 3/100: Wiring connectome targeting 2118 neurons
[INFO] (May.27 17:58:04) Split 4/100: Wiring connectome targeting 2118 neurons
[INFO] (May.27 17:58:04) Split 5/100: Wiring connectome targeting 2118 neurons
[INFO] (May.27 17:58:04) Split 6/100: Wiring connectome targeting 2118 neurons
[INFO] (May.27 17:58:04) Split 7/100: Wiring connectome targeting 2118 neurons
[INFO] (May.27 17:58:04) Split 8/100: Wiring connectome targeting 2118 neurons
[INFO] (May.27 17:58:04) Split 9/100: Wiring connectome targeting 2118 neurons
[INFO] (May.27 17:58:04) Split 10/100: Wiring connectome targeting 2118 neurons
[INFO] (May.27 17:58:04) Split 11/100: Wiring connectome targeting 2118 neurons
[INFO] (May.27 17:58:04) Split 12/100: Wiring connectome targeting 2118 neurons
[INFO] (May.27 17:58:04) Split 13/100: Wiring connectome targeting 2118 neurons
[INFO] (May.27 17:58:04) Split 14/100: Wiring connectome targeting 2118 neurons
[INFO] (May.27 17:58:04) Split 15/100: Wiring connectome targeting 2118 neurons
[INFO] (May.27 17:58:04) Split 16/100: Wiring connectome targeting 2118 neurons
[INFO] (May.27 17:58:04) Split 17/100: Wiring connectome targeting 2118 neurons
[INFO] (May.27 17:58:04) Split 18/100: Wiring connectome targeting 2118 neurons
[INFO] (May.27 17:58:04) Split 19/100: Wiring connectome targeting 2118 neurons
[INFO] (May.27 17:58:04) Split 20/100: Wiring connectome targeting 2118 neurons
[INFO] (May.27 17:58:04) Split 21/100: Wiring connectome targeting 2118 neurons
[INFO] (May.27 17:58:04) Split 22/100: Wiring connectome targeting 2118 neurons
[INFO] (May.27 17:58:04) Split 23/100: Wiring connectome targeting 2118 neurons
[INFO] (May.27 17:58:04) Split 24/100: Wiring connectome targeting 2118 neurons
[INFO] (May.27 17:58:04) Split 25/100: Wiring connectome targeting 2118 neurons
[INFO] (May.27 17:58:04) Split 26/100: Wiring connectome targeting 2118 neurons
[INFO] (May.27 17:58:04) Split 27/100: Wiring connectome targeting 2118 neurons
[INFO] (May.27 17:58:04) Split 28/100: Wiring connectome targeting 2118 neurons
[INFO] (May.27 17:58:04) Split 29/100: Wiring connectome targeting 2118 neurons
[INFO] (May.27 17:58:04) Split 30/100: Wiring connectome targeting 2118 neurons
[INFO] (May.27 17:58:04) Split 31/100: Wiring connectome targeting 2118 neurons
[INFO] (May.27 17:58:04) Split 32/100: Wiring connectome targeting 2118 neurons
[INFO] (May.27 17:58:04) Split 33/100: Wiring connectome targeting 2118 neurons
[INFO] (May.27 17:58:04) Split 34/100: Wiring connectome targeting 2118 neurons
[INFO] (May.27 17:58:04) Split 35/100: Wiring connectome targeting 2118 neurons
[INFO] (May.27 17:58:04) Split 36/100: Wiring connectome targeting 2118 neurons
[INFO] (May.27 17:58:04) Split 37/100: Wiring connectome targeting 2118 neurons
[INFO] (May.27 17:58:04) Split 38/100: Wiring connectome targeting 2118 neurons
[INFO] (May.27 17:58:04) Split 39/100: Wiring connectome targeting 2118 neurons
[INFO] (May.27 17:58:04) Split 40/100: Wiring connectome targeting 2118 neurons
[INFO] (May.27 17:58:04) Split 41/100: Wiring connectome targeting 2118 neurons
[INFO] (May.27 17:58:04) Split 42/100: Wiring connectome targeting 2118 neurons
[INFO] (May.27 17:58:04) Split 43/100: Wiring connectome targeting 2118 neurons
[INFO] (May.27 17:58:04) Split 44/100: Wiring connectome targeting 2118 neurons
[INFO] (May.27 17:58:04) Split 45/100: Wiring connectome targeting 2118 neurons
[INFO] (May.27 17:58:04) Split 46/100: Wiring connectome targeting 2118 neurons
[INFO] (May.27 17:58:04) Split 47/100: Wiring connectome targeting 2118 neurons
[INFO] (May.27 17:58:04) Split 48/100: Wiring connectome targeting 2118 neurons
[INFO] (May.27 17:58:04) Split 49/100: Wiring connectome targeting 2118 neurons
[INFO] (May.27 17:58:04) Split 50/100: Wiring connectome targeting 2118 neurons
[INFO] (May.27 17:58:04) Split 51/100: Wiring connectome targeting 2118 neurons
[INFO] (May.27 17:58:04) Split 52/100: Wiring connectome targeting 2118 neurons
[INFO] (May.27 17:58:04) Split 53/100: Wiring connectome targeting 2118 neurons
[INFO] (May.27 17:58:04) Split 54/100: Wiring connectome targeting 2118 neurons
[INFO] (May.27 17:58:04) Split 55/100: Wiring connectome targeting 2118 neurons
[INFO] (May.27 17:58:04) Split 56/100: Wiring connectome targeting 2118 neurons
[INFO] (May.27 17:58:04) Split 57/100: Wiring connectome targeting 2118 neurons
[INFO] (May.27 17:58:04) Split 58/100: Wiring connectome targeting 2118 neurons
[INFO] (May.27 17:58:04) Split 59/100: Wiring connectome targeting 2118 neurons
[INFO] (May.27 17:58:04) Split 60/100: Wiring connectome targeting 2118 neurons
[INFO] (May.27 17:58:04) Split 61/100: Wiring connectome targeting 2118 neurons
[INFO] (May.27 17:58:04) Split 62/100: Wiring connectome targeting 2118 neurons
[INFO] (May.27 17:58:04) Split 63/100: Wiring connectome targeting 2118 neurons
[INFO] (May.27 17:58:04) Split 64/100: Wiring connectome targeting 2118 neurons
[INFO] (May.27 17:58:04) Split 65/100: Wiring connectome targeting 2118 neurons
[INFO] (May.27 17:58:04) Split 66/100: Wiring connectome targeting 2118 neurons
[INFO] (May.27 17:58:04) Split 67/100: Wiring connectome targeting 2118 neurons
[INFO] (May.27 17:58:04) Split 68/100: Wiring connectome targeting 2118 neurons
[INFO] (May.27 17:58:04) Split 69/100: Wiring connectome targeting 2118 neurons
[INFO] (May.27 17:58:04) Split 70/100: Wiring connectome targeting 2118 neurons
[INFO] (May.27 17:58:04) Split 71/100: Wiring connectome targeting 2118 neurons
[INFO] (May.27 17:58:04) Split 72/100: Wiring connectome targeting 2118 neurons
[INFO] (May.27 17:58:04) Split 73/100: Wiring connectome targeting 2118 neurons
[INFO] (May.27 17:58:04) Split 74/100: Wiring connectome targeting 2118 neurons
[INFO] (May.27 17:58:04) Split 75/100: Wiring connectome targeting 2118 neurons
[INFO] (May.27 17:58:04) Split 76/100: Wiring connectome targeting 2118 neurons
[INFO] (May.27 17:58:04) Split 77/100: Wiring connectome targeting 2118 neurons
[INFO] (May.27 17:58:04) Split 78/100: Wiring connectome targeting 2118 neurons
[INFO] (May.27 17:58:04) Split 79/100: Wiring connectome targeting 2118 neurons
[INFO] (May.27 17:58:04) Split 80/100: Wiring connectome targeting 2118 neurons
[INFO] (May.27 17:58:04) Split 81/100: Wiring connectome targeting 2118 neurons
[INFO] (May.27 17:58:04) Split 82/100: Wiring connectome targeting 2118 neurons
[INFO] (May.27 17:58:04) Split 83/100: Wiring connectome targeting 2118 neurons
[INFO] (May.27 17:58:04) Split 84/100: Wiring connectome targeting 2118 neurons
[INFO] (May.27 17:58:04) Split 85/100: Wiring connectome targeting 2118 neurons
[INFO] (May.27 17:58:04) Split 86/100: Wiring connectome targeting 2118 neurons
[INFO] (May.27 17:58:04) Split 87/100: Wiring connectome targeting 2118 neurons
[INFO] (May.27 17:58:04) Split 88/100: Wiring connectome targeting 2118 neurons
[INFO] (May.27 17:58:04) Split 89/100: Wiring connectome targeting 2118 neurons
[INFO] (May.27 17:58:04) Split 90/100: Wiring connectome targeting 2118 neurons
[INFO] (May.27 17:58:04) Split 91/100: Wiring connectome targeting 2118 neurons
[INFO] (May.27 17:58:04) Split 92/100: Wiring connectome targeting 2118 neurons
[INFO] (May.27 17:58:04) Split 93/100: Wiring connectome targeting 2118 neurons
[INFO] (May.27 17:58:04) Split 94/100: Wiring connectome targeting 2118 neurons
[INFO] (May.27 17:58:04) Split 95/100: Wiring connectome targeting 2118 neurons
[INFO] (May.27 17:58:04) Split 96/100: Wiring connectome targeting 2118 neurons
[INFO] (May.27 17:58:04) Split 97/100: Wiring connectome targeting 2118 neurons
[INFO] (May.27 17:58:04) Split 98/100: Wiring connectome targeting 2118 neurons
[INFO] (May.27 17:58:04) Split 99/100: Wiring connectome targeting 2118 neurons
[INFO] (May.27 17:58:04) Split 100/100: Wiring connectome targeting 2030 neurons
[INFO] (May.27 17:58:04) Jobs submitted to DASK
[INFO] (May.27 17:58:10) [  1%] Finished 1 (out of 100) splits
[INFO] (May.27 17:58:10) [  2%] Finished 2 (out of 100) splits
[INFO] (May.27 17:58:11) [  3%] Finished 3 (out of 100) splits
[INFO] (May.27 17:58:11) [  4%] Finished 4 (out of 100) splits
[INFO] (May.27 17:58:12) [  5%] Finished 5 (out of 100) splits
[INFO] (May.27 17:58:12) [  6%] Finished 6 (out of 100) splits
[INFO] (May.27 17:58:12) [  7%] Finished 7 (out of 100) splits
[INFO] (May.27 17:58:12) [  8%] Finished 8 (out of 100) splits
[INFO] (May.27 17:58:12) [  9%] Finished 9 (out of 100) splits
[INFO] (May.27 17:58:12) [ 10%] Finished 10 (out of 100) splits
[INFO] (May.27 17:58:12) [ 11%] Finished 11 (out of 100) splits
[INFO] (May.27 17:58:12) [ 12%] Finished 12 (out of 100) splits
[INFO] (May.27 17:58:12) [ 13%] Finished 13 (out of 100) splits
[INFO] (May.27 17:58:12) [ 14%] Finished 14 (out of 100) splits
[INFO] (May.27 17:58:12) [ 15%] Finished 15 (out of 100) splits
[INFO] (May.27 17:58:12) [ 16%] Finished 16 (out of 100) splits
[INFO] (May.27 17:58:12) [ 17%] Finished 17 (out of 100) splits
[INFO] (May.27 17:58:12) [ 18%] Finished 18 (out of 100) splits
[INFO] (May.27 17:58:12) [ 19%] Finished 19 (out of 100) splits
[INFO] (May.27 17:58:13) [ 20%] Finished 20 (out of 100) splits
[INFO] (May.27 17:58:13) [ 21%] Finished 21 (out of 100) splits
[INFO] (May.27 17:58:13) [ 22%] Finished 22 (out of 100) splits
[INFO] (May.27 17:58:13) [ 23%] Finished 23 (out of 100) splits
[INFO] (May.27 17:58:13) [ 24%] Finished 24 (out of 100) splits
[INFO] (May.27 17:58:13) [ 25%] Finished 25 (out of 100) splits
[INFO] (May.27 17:58:13) [ 26%] Finished 26 (out of 100) splits
[INFO] (May.27 17:58:13) [ 27%] Finished 27 (out of 100) splits
[INFO] (May.27 17:58:13) [ 28%] Finished 28 (out of 100) splits
[INFO] (May.27 17:58:13) [ 29%] Finished 29 (out of 100) splits
[INFO] (May.27 17:58:13) [ 30%] Finished 30 (out of 100) splits
[INFO] (May.27 17:58:13) [ 31%] Finished 31 (out of 100) splits
[INFO] (May.27 17:58:13) [ 32%] Finished 32 (out of 100) splits
[INFO] (May.27 17:58:14) [ 33%] Finished 33 (out of 100) splits
[INFO] (May.27 17:58:14) [ 34%] Finished 34 (out of 100) splits
[INFO] (May.27 17:58:14) [ 35%] Finished 35 (out of 100) splits
[INFO] (May.27 17:58:14) [ 36%] Finished 36 (out of 100) splits
[INFO] (May.27 17:58:14) [ 37%] Finished 37 (out of 100) splits
[INFO] (May.27 17:58:14) [ 38%] Finished 38 (out of 100) splits
[INFO] (May.27 17:58:14) [ 39%] Finished 39 (out of 100) splits
[INFO] (May.27 17:58:14) [ 40%] Finished 40 (out of 100) splits
[INFO] (May.27 17:58:15) [ 41%] Finished 41 (out of 100) splits
[INFO] (May.27 17:58:15) [ 42%] Finished 42 (out of 100) splits
[INFO] (May.27 17:58:15) [ 43%] Finished 43 (out of 100) splits
[INFO] (May.27 17:58:15) [ 44%] Finished 44 (out of 100) splits
[INFO] (May.27 17:58:15) [ 45%] Finished 45 (out of 100) splits
[INFO] (May.27 17:58:15) [ 46%] Finished 46 (out of 100) splits
[INFO] (May.27 17:58:16) [ 47%] Finished 47 (out of 100) splits
[INFO] (May.27 17:58:16) [ 48%] Finished 48 (out of 100) splits
[INFO] (May.27 17:58:16) [ 49%] Finished 49 (out of 100) splits
[INFO] (May.27 17:58:16) [ 50%] Finished 50 (out of 100) splits
[INFO] (May.27 17:58:16) [ 51%] Finished 51 (out of 100) splits
[INFO] (May.27 17:58:16) [ 52%] Finished 52 (out of 100) splits
[INFO] (May.27 17:58:16) [ 53%] Finished 53 (out of 100) splits
[INFO] (May.27 17:58:16) [ 54%] Finished 54 (out of 100) splits
[INFO] (May.27 17:58:16) [ 55%] Finished 55 (out of 100) splits
[INFO] (May.27 17:58:16) [ 56%] Finished 56 (out of 100) splits
[INFO] (May.27 17:58:17) [ 57%] Finished 57 (out of 100) splits
[INFO] (May.27 17:58:17) [ 58%] Finished 58 (out of 100) splits
[INFO] (May.27 17:58:17) [ 59%] Finished 59 (out of 100) splits
[INFO] (May.27 17:58:17) [ 60%] Finished 60 (out of 100) splits
[INFO] (May.27 17:58:17) [ 61%] Finished 61 (out of 100) splits
[INFO] (May.27 17:58:17) [ 62%] Finished 62 (out of 100) splits
[INFO] (May.27 17:58:17) [ 63%] Finished 63 (out of 100) splits
[INFO] (May.27 17:58:17) [ 64%] Finished 64 (out of 100) splits
[INFO] (May.27 17:58:17) [ 65%] Finished 65 (out of 100) splits
[INFO] (May.27 17:58:17) [ 66%] Finished 66 (out of 100) splits
[INFO] (May.27 17:58:17) [ 67%] Finished 67 (out of 100) splits
[INFO] (May.27 17:58:18) [ 68%] Finished 68 (out of 100) splits
[INFO] (May.27 17:58:18) [ 69%] Finished 69 (out of 100) splits
[INFO] (May.27 17:58:18) [ 70%] Finished 70 (out of 100) splits
[INFO] (May.27 17:58:18) [ 71%] Finished 71 (out of 100) splits
[INFO] (May.27 17:58:18) [ 72%] Finished 72 (out of 100) splits
[INFO] (May.27 17:58:18) [ 73%] Finished 73 (out of 100) splits
[INFO] (May.27 17:58:18) [ 74%] Finished 74 (out of 100) splits
[INFO] (May.27 17:58:18) [ 75%] Finished 75 (out of 100) splits
[INFO] (May.27 17:58:18) [ 76%] Finished 76 (out of 100) splits
[INFO] (May.27 17:58:18) [ 77%] Finished 77 (out of 100) splits
[INFO] (May.27 17:58:18) [ 78%] Finished 78 (out of 100) splits
[INFO] (May.27 17:58:18) [ 79%] Finished 79 (out of 100) splits
[INFO] (May.27 17:58:19) [ 80%] Finished 80 (out of 100) splits
[INFO] (May.27 17:58:19) [ 81%] Finished 81 (out of 100) splits
[INFO] (May.27 17:58:19) [ 82%] Finished 82 (out of 100) splits
[INFO] (May.27 17:58:19) [ 83%] Finished 83 (out of 100) splits
[INFO] (May.27 17:58:19) [ 84%] Finished 84 (out of 100) splits
[INFO] (May.27 17:58:19) [ 85%] Finished 85 (out of 100) splits
[INFO] (May.27 17:58:20) [ 86%] Finished 86 (out of 100) splits
[INFO] (May.27 17:58:30) [ 87%] Finished 87 (out of 100) splits
[INFO] (May.27 17:58:30) [ 88%] Finished 88 (out of 100) splits
[INFO] (May.27 17:58:30) [ 89%] Finished 89 (out of 100) splits
[INFO] (May.27 17:58:30) [ 90%] Finished 90 (out of 100) splits
[INFO] (May.27 17:58:31) [ 91%] Finished 91 (out of 100) splits
[INFO] (May.27 17:58:31) [ 92%] Finished 92 (out of 100) splits
[INFO] (May.27 17:58:31) [ 93%] Finished 93 (out of 100) splits
[INFO] (May.27 17:58:31) [ 94%] Finished 94 (out of 100) splits
[INFO] (May.27 17:58:31) [ 95%] Finished 95 (out of 100) splits
[INFO] (May.27 17:58:32) [ 96%] Finished 96 (out of 100) splits
[INFO] (May.27 17:58:32) [ 97%] Finished 97 (out of 100) splits
[INFO] (May.27 17:58:32) [ 98%] Finished 98 (out of 100) splits
[INFO] (May.27 17:58:33) [ 99%] Finished 99 (out of 100) splits
[INFO] (May.27 17:58:33) [100%] Finished 100 (out of 100) splits
[INFO] (May.27 17:58:33) DASK jobs finished
[INFO] (May.27 17:58:33) Shutting down DASK workers gracefully
[INFO] (May.27 17:58:33) Done processing
[INFO] (May.27 17:58:33)   Total input/output synapse counts: 407127134/0 (Diff: -407127134)
[ERROR] (May.27 17:58:33) No .parquet files to convert!
[DEBUG] (May.27 17:58:33) Using selector: EpollSelector
