[INFO] (May.29 19:52:15) Log file "/gpfs/bbp.cscs.ch/project/proj112/home/kurban/christoph_paper/github/forked/connectome-manipulator_forked/examples/remove_connections/sscx/output/logs/connectome_manipulation_2024-05-29_19h52.log" created!
[INFO] (May.29 19:52:15) Version: connectome_manipulator 0.0.11.dev0
[INFO] (May.29 19:52:15) Loading circuit from ./circuit_config.json
[DEBUG] (May.29 19:52:15) Using edges population "S1nonbarrel_neurons__S1nonbarrel_neurons__chemical" between nodes "S1nonbarrel_neurons" and "S1nonbarrel_neurons"
[INFO] (May.29 19:52:15) Setting up 100 processing batch jobs...
[INFO] (May.29 19:52:15) Starting Execution context
[DEBUG] (May.29 19:52:15) Using selector: EpollSelector
[INFO] (May.29 19:52:15) Start job submission
[INFO] (May.29 19:52:15) Split 1/100: Wiring connectome targeting 2118 neurons
[INFO] (May.29 19:52:15) Split 2/100: Wiring connectome targeting 2118 neurons
[INFO] (May.29 19:52:15) Split 3/100: Wiring connectome targeting 2118 neurons
[INFO] (May.29 19:52:15) Split 4/100: Wiring connectome targeting 2118 neurons
[INFO] (May.29 19:52:15) Split 5/100: Wiring connectome targeting 2118 neurons
[INFO] (May.29 19:52:15) Split 6/100: Wiring connectome targeting 2118 neurons
[INFO] (May.29 19:52:15) Split 7/100: Wiring connectome targeting 2118 neurons
[INFO] (May.29 19:52:15) Split 8/100: Wiring connectome targeting 2118 neurons
[INFO] (May.29 19:52:15) Split 9/100: Wiring connectome targeting 2118 neurons
[INFO] (May.29 19:52:15) Split 10/100: Wiring connectome targeting 2118 neurons
[INFO] (May.29 19:52:15) Split 11/100: Wiring connectome targeting 2118 neurons
[INFO] (May.29 19:52:15) Split 12/100: Wiring connectome targeting 2118 neurons
[INFO] (May.29 19:52:15) Split 13/100: Wiring connectome targeting 2118 neurons
[INFO] (May.29 19:52:15) Split 14/100: Wiring connectome targeting 2118 neurons
[INFO] (May.29 19:52:15) Split 15/100: Wiring connectome targeting 2118 neurons
[INFO] (May.29 19:52:15) Split 16/100: Wiring connectome targeting 2118 neurons
[INFO] (May.29 19:52:15) Split 17/100: Wiring connectome targeting 2118 neurons
[INFO] (May.29 19:52:15) Split 18/100: Wiring connectome targeting 2118 neurons
[INFO] (May.29 19:52:15) Split 19/100: Wiring connectome targeting 2118 neurons
[INFO] (May.29 19:52:15) Split 20/100: Wiring connectome targeting 2118 neurons
[INFO] (May.29 19:52:15) Split 21/100: Wiring connectome targeting 2118 neurons
[INFO] (May.29 19:52:15) Split 22/100: Wiring connectome targeting 2118 neurons
[INFO] (May.29 19:52:15) Split 23/100: Wiring connectome targeting 2118 neurons
[INFO] (May.29 19:52:15) Split 24/100: Wiring connectome targeting 2118 neurons
[INFO] (May.29 19:52:15) Split 25/100: Wiring connectome targeting 2118 neurons
[INFO] (May.29 19:52:15) Split 26/100: Wiring connectome targeting 2118 neurons
[INFO] (May.29 19:52:15) Split 27/100: Wiring connectome targeting 2118 neurons
[INFO] (May.29 19:52:15) Split 28/100: Wiring connectome targeting 2118 neurons
[INFO] (May.29 19:52:15) Split 29/100: Wiring connectome targeting 2118 neurons
[INFO] (May.29 19:52:15) Split 30/100: Wiring connectome targeting 2118 neurons
[INFO] (May.29 19:52:15) Split 31/100: Wiring connectome targeting 2118 neurons
[INFO] (May.29 19:52:15) Split 32/100: Wiring connectome targeting 2118 neurons
[INFO] (May.29 19:52:15) Split 33/100: Wiring connectome targeting 2118 neurons
[INFO] (May.29 19:52:15) Split 34/100: Wiring connectome targeting 2118 neurons
[INFO] (May.29 19:52:15) Split 35/100: Wiring connectome targeting 2118 neurons
[INFO] (May.29 19:52:15) Split 36/100: Wiring connectome targeting 2118 neurons
[INFO] (May.29 19:52:15) Split 37/100: Wiring connectome targeting 2118 neurons
[INFO] (May.29 19:52:15) Split 38/100: Wiring connectome targeting 2118 neurons
[INFO] (May.29 19:52:15) Split 39/100: Wiring connectome targeting 2118 neurons
[INFO] (May.29 19:52:15) Split 40/100: Wiring connectome targeting 2118 neurons
[INFO] (May.29 19:52:15) Split 41/100: Wiring connectome targeting 2118 neurons
[INFO] (May.29 19:52:15) Split 42/100: Wiring connectome targeting 2118 neurons
[INFO] (May.29 19:52:15) Split 43/100: Wiring connectome targeting 2118 neurons
[INFO] (May.29 19:52:15) Split 44/100: Wiring connectome targeting 2118 neurons
[INFO] (May.29 19:52:15) Split 45/100: Wiring connectome targeting 2118 neurons
[INFO] (May.29 19:52:15) Split 46/100: Wiring connectome targeting 2118 neurons
[INFO] (May.29 19:52:15) Split 47/100: Wiring connectome targeting 2118 neurons
[INFO] (May.29 19:52:15) Split 48/100: Wiring connectome targeting 2118 neurons
[INFO] (May.29 19:52:15) Split 49/100: Wiring connectome targeting 2118 neurons
[INFO] (May.29 19:52:15) Split 50/100: Wiring connectome targeting 2118 neurons
[INFO] (May.29 19:52:15) Split 51/100: Wiring connectome targeting 2118 neurons
[INFO] (May.29 19:52:15) Split 52/100: Wiring connectome targeting 2118 neurons
[INFO] (May.29 19:52:15) Split 53/100: Wiring connectome targeting 2118 neurons
[INFO] (May.29 19:52:15) Split 54/100: Wiring connectome targeting 2118 neurons
[INFO] (May.29 19:52:15) Split 55/100: Wiring connectome targeting 2118 neurons
[INFO] (May.29 19:52:15) Split 56/100: Wiring connectome targeting 2118 neurons
[INFO] (May.29 19:52:15) Split 57/100: Wiring connectome targeting 2118 neurons
[INFO] (May.29 19:52:15) Split 58/100: Wiring connectome targeting 2118 neurons
[INFO] (May.29 19:52:15) Split 59/100: Wiring connectome targeting 2118 neurons
[INFO] (May.29 19:52:15) Split 60/100: Wiring connectome targeting 2118 neurons
[INFO] (May.29 19:52:15) Split 61/100: Wiring connectome targeting 2118 neurons
[INFO] (May.29 19:52:15) Split 62/100: Wiring connectome targeting 2118 neurons
[INFO] (May.29 19:52:15) Split 63/100: Wiring connectome targeting 2118 neurons
[INFO] (May.29 19:52:15) Split 64/100: Wiring connectome targeting 2118 neurons
[INFO] (May.29 19:52:15) Split 65/100: Wiring connectome targeting 2118 neurons
[INFO] (May.29 19:52:15) Split 66/100: Wiring connectome targeting 2118 neurons
[INFO] (May.29 19:52:15) Split 67/100: Wiring connectome targeting 2118 neurons
[INFO] (May.29 19:52:15) Split 68/100: Wiring connectome targeting 2118 neurons
[INFO] (May.29 19:52:15) Split 69/100: Wiring connectome targeting 2118 neurons
[INFO] (May.29 19:52:15) Split 70/100: Wiring connectome targeting 2118 neurons
[INFO] (May.29 19:52:15) Split 71/100: Wiring connectome targeting 2118 neurons
[INFO] (May.29 19:52:15) Split 72/100: Wiring connectome targeting 2118 neurons
[INFO] (May.29 19:52:15) Split 73/100: Wiring connectome targeting 2118 neurons
[INFO] (May.29 19:52:15) Split 74/100: Wiring connectome targeting 2118 neurons
[INFO] (May.29 19:52:15) Split 75/100: Wiring connectome targeting 2118 neurons
[INFO] (May.29 19:52:15) Split 76/100: Wiring connectome targeting 2118 neurons
[INFO] (May.29 19:52:15) Split 77/100: Wiring connectome targeting 2118 neurons
[INFO] (May.29 19:52:15) Split 78/100: Wiring connectome targeting 2118 neurons
[INFO] (May.29 19:52:15) Split 79/100: Wiring connectome targeting 2118 neurons
[INFO] (May.29 19:52:15) Split 80/100: Wiring connectome targeting 2118 neurons
[INFO] (May.29 19:52:15) Split 81/100: Wiring connectome targeting 2118 neurons
[INFO] (May.29 19:52:15) Split 82/100: Wiring connectome targeting 2118 neurons
[INFO] (May.29 19:52:15) Split 83/100: Wiring connectome targeting 2118 neurons
[INFO] (May.29 19:52:15) Split 84/100: Wiring connectome targeting 2118 neurons
[INFO] (May.29 19:52:15) Split 85/100: Wiring connectome targeting 2118 neurons
[INFO] (May.29 19:52:15) Split 86/100: Wiring connectome targeting 2118 neurons
[INFO] (May.29 19:52:15) Split 87/100: Wiring connectome targeting 2118 neurons
[INFO] (May.29 19:52:15) Split 88/100: Wiring connectome targeting 2118 neurons
[INFO] (May.29 19:52:15) Split 89/100: Wiring connectome targeting 2118 neurons
[INFO] (May.29 19:52:15) Split 90/100: Wiring connectome targeting 2118 neurons
[INFO] (May.29 19:52:15) Split 91/100: Wiring connectome targeting 2118 neurons
[INFO] (May.29 19:52:15) Split 92/100: Wiring connectome targeting 2118 neurons
[INFO] (May.29 19:52:15) Split 93/100: Wiring connectome targeting 2118 neurons
[INFO] (May.29 19:52:15) Split 94/100: Wiring connectome targeting 2118 neurons
[INFO] (May.29 19:52:15) Split 95/100: Wiring connectome targeting 2118 neurons
[INFO] (May.29 19:52:15) Split 96/100: Wiring connectome targeting 2118 neurons
[INFO] (May.29 19:52:15) Split 97/100: Wiring connectome targeting 2118 neurons
[INFO] (May.29 19:52:15) Split 98/100: Wiring connectome targeting 2118 neurons
[INFO] (May.29 19:52:15) Split 99/100: Wiring connectome targeting 2118 neurons
[INFO] (May.29 19:52:15) Split 100/100: Wiring connectome targeting 2030 neurons
[INFO] (May.29 19:52:15) Jobs submitted to DASK
[INFO] (May.29 19:52:23) [  1%] Finished 1 (out of 100) splits
[INFO] (May.29 19:52:24) [  2%] Finished 2 (out of 100) splits
[INFO] (May.29 19:52:24) [  3%] Finished 3 (out of 100) splits
[INFO] (May.29 19:52:25) [  4%] Finished 4 (out of 100) splits
[INFO] (May.29 19:52:25) [  5%] Finished 5 (out of 100) splits
[INFO] (May.29 19:52:26) [  6%] Finished 6 (out of 100) splits
[INFO] (May.29 19:52:26) [  7%] Finished 7 (out of 100) splits
[INFO] (May.29 19:52:26) [  8%] Finished 8 (out of 100) splits
[INFO] (May.29 19:52:27) [  9%] Finished 9 (out of 100) splits
[INFO] (May.29 19:52:27) [ 10%] Finished 10 (out of 100) splits
[INFO] (May.29 19:52:27) [ 11%] Finished 11 (out of 100) splits
[INFO] (May.29 19:52:27) [ 12%] Finished 12 (out of 100) splits
[INFO] (May.29 19:52:28) [ 13%] Finished 13 (out of 100) splits
[INFO] (May.29 19:52:28) [ 14%] Finished 14 (out of 100) splits
[INFO] (May.29 19:52:28) [ 15%] Finished 15 (out of 100) splits
[INFO] (May.29 19:52:28) [ 16%] Finished 16 (out of 100) splits
[INFO] (May.29 19:52:28) [ 17%] Finished 17 (out of 100) splits
[INFO] (May.29 19:52:29) [ 18%] Finished 18 (out of 100) splits
[INFO] (May.29 19:52:29) [ 19%] Finished 19 (out of 100) splits
[INFO] (May.29 19:52:30) [ 20%] Finished 20 (out of 100) splits
[INFO] (May.29 19:52:30) [ 21%] Finished 21 (out of 100) splits
[INFO] (May.29 19:52:33) [ 22%] Finished 22 (out of 100) splits
[INFO] (May.29 19:52:33) [ 23%] Finished 23 (out of 100) splits
[INFO] (May.29 19:52:34) [ 24%] Finished 24 (out of 100) splits
[INFO] (May.29 19:52:34) [ 25%] Finished 25 (out of 100) splits
[INFO] (May.29 19:52:34) [ 26%] Finished 26 (out of 100) splits
[INFO] (May.29 19:52:34) [ 27%] Finished 27 (out of 100) splits
[INFO] (May.29 19:52:34) [ 28%] Finished 28 (out of 100) splits
[INFO] (May.29 19:52:34) [ 29%] Finished 29 (out of 100) splits
[INFO] (May.29 19:52:35) [ 30%] Finished 30 (out of 100) splits
[INFO] (May.29 19:52:35) [ 31%] Finished 31 (out of 100) splits
[INFO] (May.29 19:52:36) [ 32%] Finished 32 (out of 100) splits
[INFO] (May.29 19:52:36) [ 33%] Finished 33 (out of 100) splits
[INFO] (May.29 19:52:36) [ 34%] Finished 34 (out of 100) splits
[INFO] (May.29 19:52:36) [ 35%] Finished 35 (out of 100) splits
[INFO] (May.29 19:52:36) [ 36%] Finished 36 (out of 100) splits
[INFO] (May.29 19:52:37) [ 37%] Finished 37 (out of 100) splits
[INFO] (May.29 19:52:37) [ 38%] Finished 38 (out of 100) splits
[INFO] (May.29 19:52:37) [ 39%] Finished 39 (out of 100) splits
[INFO] (May.29 19:52:37) [ 40%] Finished 40 (out of 100) splits
[INFO] (May.29 19:52:37) [ 41%] Finished 41 (out of 100) splits
[INFO] (May.29 19:52:37) [ 42%] Finished 42 (out of 100) splits
[INFO] (May.29 19:52:37) [ 43%] Finished 43 (out of 100) splits
[INFO] (May.29 19:52:37) [ 44%] Finished 44 (out of 100) splits
[INFO] (May.29 19:52:37) [ 45%] Finished 45 (out of 100) splits
[INFO] (May.29 19:52:38) [ 46%] Finished 46 (out of 100) splits
[INFO] (May.29 19:52:38) [ 47%] Finished 47 (out of 100) splits
[INFO] (May.29 19:52:38) [ 48%] Finished 48 (out of 100) splits
[INFO] (May.29 19:52:38) [ 49%] Finished 49 (out of 100) splits
[INFO] (May.29 19:52:38) [ 50%] Finished 50 (out of 100) splits
[INFO] (May.29 19:52:38) [ 51%] Finished 51 (out of 100) splits
[INFO] (May.29 19:52:39) [ 52%] Finished 52 (out of 100) splits
[INFO] (May.29 19:52:39) [ 53%] Finished 53 (out of 100) splits
[INFO] (May.29 19:52:40) [ 54%] Finished 54 (out of 100) splits
[INFO] (May.29 19:52:40) [ 55%] Finished 55 (out of 100) splits
[INFO] (May.29 19:52:40) [ 56%] Finished 56 (out of 100) splits
[INFO] (May.29 19:52:40) [ 57%] Finished 57 (out of 100) splits
[INFO] (May.29 19:52:40) [ 58%] Finished 58 (out of 100) splits
[INFO] (May.29 19:52:41) [ 59%] Finished 59 (out of 100) splits
[INFO] (May.29 19:52:43) [ 60%] Finished 60 (out of 100) splits
[INFO] (May.29 19:52:43) [ 61%] Finished 61 (out of 100) splits
[INFO] (May.29 19:52:43) [ 62%] Finished 62 (out of 100) splits
[INFO] (May.29 19:52:43) [ 63%] Finished 63 (out of 100) splits
[INFO] (May.29 19:52:43) [ 64%] Finished 64 (out of 100) splits
[INFO] (May.29 19:52:44) [ 65%] Finished 65 (out of 100) splits
[INFO] (May.29 19:52:44) [ 66%] Finished 66 (out of 100) splits
[INFO] (May.29 19:52:44) [ 67%] Finished 67 (out of 100) splits
[INFO] (May.29 19:52:44) [ 68%] Finished 68 (out of 100) splits
[INFO] (May.29 19:52:44) [ 69%] Finished 69 (out of 100) splits
[INFO] (May.29 19:52:44) [ 70%] Finished 70 (out of 100) splits
[INFO] (May.29 19:52:45) [ 71%] Finished 71 (out of 100) splits
[INFO] (May.29 19:52:45) [ 72%] Finished 72 (out of 100) splits
[INFO] (May.29 19:52:45) [ 73%] Finished 73 (out of 100) splits
[INFO] (May.29 19:52:46) [ 74%] Finished 74 (out of 100) splits
[INFO] (May.29 19:52:47) [ 75%] Finished 75 (out of 100) splits
[INFO] (May.29 19:52:48) [ 76%] Finished 76 (out of 100) splits
[INFO] (May.29 19:52:48) [ 77%] Finished 77 (out of 100) splits
[INFO] (May.29 19:52:48) [ 78%] Finished 78 (out of 100) splits
[INFO] (May.29 19:52:49) [ 79%] Finished 79 (out of 100) splits
[INFO] (May.29 19:52:50) [ 80%] Finished 80 (out of 100) splits
[INFO] (May.29 19:52:50) [ 81%] Finished 81 (out of 100) splits
[INFO] (May.29 19:52:50) [ 82%] Finished 82 (out of 100) splits
[INFO] (May.29 19:52:51) [ 83%] Finished 83 (out of 100) splits
[INFO] (May.29 19:52:51) [ 84%] Finished 84 (out of 100) splits
[INFO] (May.29 19:52:51) [ 85%] Finished 85 (out of 100) splits
[INFO] (May.29 19:52:52) [ 86%] Finished 86 (out of 100) splits
[INFO] (May.29 19:52:53) [ 87%] Finished 87 (out of 100) splits
[INFO] (May.29 19:52:57) [ 88%] Finished 88 (out of 100) splits
[INFO] (May.29 19:53:00) [ 89%] Finished 89 (out of 100) splits
[INFO] (May.29 19:53:00) [ 90%] Finished 90 (out of 100) splits
[INFO] (May.29 19:53:00) [ 91%] Finished 91 (out of 100) splits
[INFO] (May.29 19:53:01) [ 92%] Finished 92 (out of 100) splits
[INFO] (May.29 19:53:01) [ 93%] Finished 93 (out of 100) splits
[INFO] (May.29 19:53:06) [ 94%] Finished 94 (out of 100) splits
[INFO] (May.29 19:53:11) [ 95%] Finished 95 (out of 100) splits
[INFO] (May.29 19:53:17) [ 96%] Finished 96 (out of 100) splits
[INFO] (May.29 19:53:21) [ 97%] Finished 97 (out of 100) splits
[INFO] (May.29 19:53:26) [ 98%] Finished 98 (out of 100) splits
[INFO] (May.29 19:53:31) [ 99%] Finished 99 (out of 100) splits
[INFO] (May.29 19:53:36) [100%] Finished 100 (out of 100) splits
[INFO] (May.29 19:53:36) DASK jobs finished
[INFO] (May.29 19:53:36) Shutting down DASK workers gracefully
[INFO] (May.29 19:53:37) Done processing
[INFO] (May.29 19:53:37)   Total input/output synapse counts: 407127134/400468892 (Diff: -6658242)
[INFO] (May.29 19:53:37) Converting 100 (non-empty) .parquet file(s) to SONATA
[DEBUG] (May.29 19:55:46) Writing to /gpfs/bbp.cscs.ch/project/proj112/home/kurban/christoph_paper/github/forked/connectome-manipulator_forked/examples/remove_connections/sscx/output/edges.h5
Aggregate totals: 400468892 records (100 blocks)

Data conversion complete. 
Creating indices...
- Indexing /edges/S1nonbarrel_neurons__S1nonbarrel_neurons__chemical/source_node_id
- Writing indexes out to hdf5...
- Indexing /edges/S1nonbarrel_neurons__S1nonbarrel_neurons__chemical/target_node_id
- Writing indexes out to hdf5...
Finished writing /gpfs/bbp.cscs.ch/project/proj112/home/kurban/christoph_paper/github/forked/connectome-manipulator_forked/examples/remove_connections/sscx/output/edges.h5

[INFO] (May.29 19:55:46) Deleting 100 temporary .parquet file(s), "_metadata" file, and "parquet.DONE"
[INFO] (May.29 19:55:46) Creating SONATA config /gpfs/bbp.cscs.ch/project/proj112/home/kurban/christoph_paper/github/forked/connectome-manipulator_forked/examples/remove_connections/sscx/output/circuit_config.json
[INFO] (May.29 19:55:47) +=============================================== PROFILER STATS ===============================================+
[INFO] (May.29 19:55:47) |                Event Label                 | Min.Time | Avg.Time | Max.Time | Min.Mem  | Avg.Mem  | Max.Mem  |
[INFO] (May.29 19:55:47) +--------------------------------------------------------------------------------------------------------------+
[INFO] (May.29 19:55:47) | connectome_manipulation_main               |   211.96 |   211.96 |   211.96 |     0.02 |     0.02 |     0.02 |
[INFO] (May.29 19:55:47) | processing                                 |     1.91 |     8.80 |    58.05 |     0.73 |     2.90 |     6.89 |
[INFO] (May.29 19:55:47) |   conn_removal                             |     0.58 |     2.38 |     5.81 |     0.38 |     1.54 |     3.70 |
[INFO] (May.29 19:55:47) |   write_to_parquet                         |     1.03 |     5.59 |    54.47 |     0.03 |     0.05 |     0.10 |
[INFO] (May.29 19:55:47) +--------------------------------------------------------------------------------------------------------------+
[DEBUG] (May.29 19:55:47) Using selector: EpollSelector
